<?xml version="1.0" encoding="utf-8"?><testsuites><testsuite errors="1" failures="0" hostname="rvg2" name="pytest" skipped="0" tests="1" time="1.686" timestamp="2020-02-03T15:30:05.776689"><testcase classname="" file="pysilcam/tests/test_process.py" name="pysilcam.tests.test_process" time="0.000"><error message="collection failure">ImportError while importing test module &apos;/home/sondreab/Desktop/PySilCam/pysilcam/tests/test_process.py&apos;.
Hint: make sure your test modules/packages have valid Python names.
Traceback:
pysilcam/tests/test_process.py:7: in &lt;module&gt;
    from pysilcam.silcreport import silcam_report
pysilcam/silcreport.py:5: in &lt;module&gt;
    import pysilcam.plotting as scplt
pysilcam/plotting.py:8: in &lt;module&gt;
    import seaborn as sns
E   ModuleNotFoundError: No module named &apos;seaborn&apos;</error></testcase></testsuite></testsuites>