<?xml version="1.0" encoding="utf-8"?><testsuite errors="2" failures="0" name="pytest" skips="0" tests="2" time="1.943"><testcase classname="" file="pysilcam/tests/test_process.py" name="pysilcam.tests.test_process" time="0"><error message="collection failure">ImportError while importing test module &apos;C:\Users\ayas\Projects\AILARON\Implementation\PySilCam\pysilcam\tests\test_process.py&apos;.
Hint: make sure your test modules/packages have valid Python names.
Traceback:
pysilcam\tests\test_process.py:5: in &lt;module&gt;
    from pysilcam.__main__ import silcam_process
pysilcam\__main__.py:11: in &lt;module&gt;
    from pysilcam.process import statextract
pysilcam\process.py:4: in &lt;module&gt;
    from skimage import morphology
C:\ProgramData\anaconda3\envs\mysilcam\lib\site-packages\skimage\__init__.py:157: in &lt;module&gt;
    from .util.dtype import *
C:\ProgramData\anaconda3\envs\mysilcam\lib\site-packages\skimage\util\__init__.py:8: in &lt;module&gt;
    from .arraycrop import crop
C:\ProgramData\anaconda3\envs\mysilcam\lib\site-packages\skimage\util\arraycrop.py:8: in &lt;module&gt;
    from numpy.lib.arraypad import _validate_lengths
E   ImportError: cannot import name &apos;_validate_lengths&apos;</error></testcase><testcase classname="" file="pysilcam/tests/test_standards.py" name="pysilcam.tests.test_standards" time="0"><error message="collection failure">ImportError while importing test module &apos;C:\Users\ayas\Projects\AILARON\Implementation\PySilCam\pysilcam\tests\test_standards.py&apos;.
Hint: make sure your test modules/packages have valid Python names.
Traceback:
pysilcam\tests\test_standards.py:5: in &lt;module&gt;
    from pysilcam.__main__ import silcam_process
pysilcam\__main__.py:11: in &lt;module&gt;
    from pysilcam.process import statextract
pysilcam\process.py:4: in &lt;module&gt;
    from skimage import morphology
C:\ProgramData\anaconda3\envs\mysilcam\lib\site-packages\skimage\morphology\__init__.py:1: in &lt;module&gt;
    from .binary import (binary_erosion, binary_dilation, binary_opening,
C:\ProgramData\anaconda3\envs\mysilcam\lib\site-packages\skimage\morphology\binary.py:6: in &lt;module&gt;
    from .misc import default_selem
C:\ProgramData\anaconda3\envs\mysilcam\lib\site-packages\skimage\morphology\misc.py:5: in &lt;module&gt;
    from .._shared.utils import warn
C:\ProgramData\anaconda3\envs\mysilcam\lib\site-packages\skimage\_shared\utils.py:10: in &lt;module&gt;
    from ..util import img_as_float
C:\ProgramData\anaconda3\envs\mysilcam\lib\site-packages\skimage\util\__init__.py:8: in &lt;module&gt;
    from .arraycrop import crop
C:\ProgramData\anaconda3\envs\mysilcam\lib\site-packages\skimage\util\arraycrop.py:8: in &lt;module&gt;
    from numpy.lib.arraypad import _validate_lengths
E   ImportError: cannot import name &apos;_validate_lengths&apos;</error></testcase></testsuite>